Nonterminals useless in grammar

    case
    case_list


Terminals unused in grammar

    IN
    LET
    CASE
    ESAC
    OF
    DARROW
    NEW
    ISVOID
    STR_CONST
    INT_CONST
    BOOL_CONST
    NOT
    LE
    ERROR


State 9 conflicts: 1 shift/reduce
State 14 conflicts: 1 shift/reduce
State 58 conflicts: 2 shift/reduce


Grammar

    0 $accept: program $end

    1 program: class_list

    2 class_list: class
    3           | class_list class

    4 class: CLASS TYPEID '{' optional_feature_list '}' ';'
    5      | CLASS TYPEID INHERITS TYPEID '{' optional_feature_list '}' ';'

    6 optional_feature_list: %empty
    7                      | feature
    8                      | optional_feature_list feature

    9 feature: OBJECTID '(' ')' ':' TYPEID '{' expr '}' ';'
   10        | OBJECTID '(' formal_list ')' ':' TYPEID '{' expr '}' ';'
   11        | OBJECTID ':' TYPEID ';'
   12        | OBJECTID ':' TYPEID ASSIGN expr ';'

   13 formal_list: formal
   14            | formal ',' formal_list

   15 formal: OBJECTID ':' TYPEID

   16 expr: OBJECTID ASSIGN expr
   17     | expr '.' OBJECTID '(' ')'
   18     | expr '@' TYPEID '.' OBJECTID '(' ')'
   19     | expr '@' TYPEID '.' OBJECTID '(' expr_list ')'
   20     | OBJECTID '(' ')'
   21     | OBJECTID '(' expr_list ')'
   22     | IF expr THEN expr ELSE expr FI
   23     | WHILE expr LOOP expr POOL
   24     | '{' expr_block_list '}'

   25 expr_list: expr
   26          | expr ',' expr_list

   27 expr_block_list: expr ';'
   28                | expr_block_list expr ';'


Terminals, with rules where they appear

    $end (0) 0
    '(' (40) 9 10 17 18 19 20 21
    ')' (41) 9 10 17 18 19 20 21
    ',' (44) 14 26
    '.' (46) 17 18 19
    ':' (58) 9 10 11 12 15
    ';' (59) 4 5 9 10 11 12 27 28
    '@' (64) 18 19
    '{' (123) 4 5 9 10 24
    '}' (125) 4 5 9 10 24
    error (256)
    CLASS (258) 4 5
    ELSE (259) 22
    FI (260) 22
    IF (261) 22
    IN (262)
    INHERITS (263) 5
    LET (264)
    LOOP (265) 23
    POOL (266) 23
    THEN (267) 22
    WHILE (268) 23
    CASE (269)
    ESAC (270)
    OF (271)
    DARROW (272)
    NEW (273)
    ISVOID (274)
    STR_CONST <symbol> (275)
    INT_CONST <symbol> (276)
    BOOL_CONST <boolean> (277)
    TYPEID <symbol> (278) 4 5 9 10 11 12 15 18 19
    OBJECTID <symbol> (279) 9 10 11 12 15 16 17 18 19 20 21
    ASSIGN (280) 12 16
    NOT (281)
    LE (282)
    ERROR (283)


Nonterminals, with rules where they appear

    $accept (38)
        on left: 0
    program <program> (39)
        on left: 1
        on right: 0
    class_list <classes> (40)
        on left: 2 3
        on right: 1 3
    class <class_> (41)
        on left: 4 5
        on right: 2 3
    optional_feature_list <features> (42)
        on left: 6 7 8
        on right: 4 5 8
    feature <feature> (43)
        on left: 9 10 11 12
        on right: 7 8
    formal_list <formals> (44)
        on left: 13 14
        on right: 10 14
    formal <formal> (45)
        on left: 15
        on right: 13 14
    expr <expression> (46)
        on left: 16 17 18 19 20 21 22 23 24
        on right: 9 10 12 16 17 18 19 22 23 25 26 27 28
    expr_list <expressions> (47)
        on left: 25 26
        on right: 19 21 26
    expr_block_list <expressions> (48)
        on left: 27 28
        on right: 24 28


State 0

    0 $accept: . program $end

    CLASS  shift, and go to state 1

    program     go to state 2
    class_list  go to state 3
    class       go to state 4


State 1

    4 class: CLASS . TYPEID '{' optional_feature_list '}' ';'
    5      | CLASS . TYPEID INHERITS TYPEID '{' optional_feature_list '}' ';'

    TYPEID  shift, and go to state 5


State 2

    0 $accept: program . $end

    $end  shift, and go to state 6


State 3

    1 program: class_list .
    3 class_list: class_list . class

    CLASS  shift, and go to state 1

    $default  reduce using rule 1 (program)

    class  go to state 7


State 4

    2 class_list: class .

    $default  reduce using rule 2 (class_list)


State 5

    4 class: CLASS TYPEID . '{' optional_feature_list '}' ';'
    5      | CLASS TYPEID . INHERITS TYPEID '{' optional_feature_list '}' ';'

    INHERITS  shift, and go to state 8
    '{'       shift, and go to state 9


State 6

    0 $accept: program $end .

    $default  accept


State 7

    3 class_list: class_list class .

    $default  reduce using rule 3 (class_list)


State 8

    5 class: CLASS TYPEID INHERITS . TYPEID '{' optional_feature_list '}' ';'

    TYPEID  shift, and go to state 10


State 9

    4 class: CLASS TYPEID '{' . optional_feature_list '}' ';'

    OBJECTID  shift, and go to state 11

    OBJECTID  [reduce using rule 6 (optional_feature_list)]
    $default  reduce using rule 6 (optional_feature_list)

    optional_feature_list  go to state 12
    feature                go to state 13


State 10

    5 class: CLASS TYPEID INHERITS TYPEID . '{' optional_feature_list '}' ';'

    '{'  shift, and go to state 14


State 11

    9 feature: OBJECTID . '(' ')' ':' TYPEID '{' expr '}' ';'
   10        | OBJECTID . '(' formal_list ')' ':' TYPEID '{' expr '}' ';'
   11        | OBJECTID . ':' TYPEID ';'
   12        | OBJECTID . ':' TYPEID ASSIGN expr ';'

    '('  shift, and go to state 15
    ':'  shift, and go to state 16


State 12

    4 class: CLASS TYPEID '{' optional_feature_list . '}' ';'
    8 optional_feature_list: optional_feature_list . feature

    OBJECTID  shift, and go to state 11
    '}'       shift, and go to state 17

    feature  go to state 18


State 13

    7 optional_feature_list: feature .

    $default  reduce using rule 7 (optional_feature_list)


State 14

    5 class: CLASS TYPEID INHERITS TYPEID '{' . optional_feature_list '}' ';'

    OBJECTID  shift, and go to state 11

    OBJECTID  [reduce using rule 6 (optional_feature_list)]
    $default  reduce using rule 6 (optional_feature_list)

    optional_feature_list  go to state 19
    feature                go to state 13


State 15

    9 feature: OBJECTID '(' . ')' ':' TYPEID '{' expr '}' ';'
   10        | OBJECTID '(' . formal_list ')' ':' TYPEID '{' expr '}' ';'

    OBJECTID  shift, and go to state 20
    ')'       shift, and go to state 21

    formal_list  go to state 22
    formal       go to state 23


State 16

   11 feature: OBJECTID ':' . TYPEID ';'
   12        | OBJECTID ':' . TYPEID ASSIGN expr ';'

    TYPEID  shift, and go to state 24


State 17

    4 class: CLASS TYPEID '{' optional_feature_list '}' . ';'

    ';'  shift, and go to state 25


State 18

    8 optional_feature_list: optional_feature_list feature .

    $default  reduce using rule 8 (optional_feature_list)


State 19

    5 class: CLASS TYPEID INHERITS TYPEID '{' optional_feature_list . '}' ';'
    8 optional_feature_list: optional_feature_list . feature

    OBJECTID  shift, and go to state 11
    '}'       shift, and go to state 26

    feature  go to state 18


State 20

   15 formal: OBJECTID . ':' TYPEID

    ':'  shift, and go to state 27


State 21

    9 feature: OBJECTID '(' ')' . ':' TYPEID '{' expr '}' ';'

    ':'  shift, and go to state 28


State 22

   10 feature: OBJECTID '(' formal_list . ')' ':' TYPEID '{' expr '}' ';'

    ')'  shift, and go to state 29


State 23

   13 formal_list: formal .
   14            | formal . ',' formal_list

    ','  shift, and go to state 30

    $default  reduce using rule 13 (formal_list)


State 24

   11 feature: OBJECTID ':' TYPEID . ';'
   12        | OBJECTID ':' TYPEID . ASSIGN expr ';'

    ASSIGN  shift, and go to state 31
    ';'     shift, and go to state 32


State 25

    4 class: CLASS TYPEID '{' optional_feature_list '}' ';' .

    $default  reduce using rule 4 (class)


State 26

    5 class: CLASS TYPEID INHERITS TYPEID '{' optional_feature_list '}' . ';'

    ';'  shift, and go to state 33


State 27

   15 formal: OBJECTID ':' . TYPEID

    TYPEID  shift, and go to state 34


State 28

    9 feature: OBJECTID '(' ')' ':' . TYPEID '{' expr '}' ';'

    TYPEID  shift, and go to state 35


State 29

   10 feature: OBJECTID '(' formal_list ')' . ':' TYPEID '{' expr '}' ';'

    ':'  shift, and go to state 36


State 30

   14 formal_list: formal ',' . formal_list

    OBJECTID  shift, and go to state 20

    formal_list  go to state 37
    formal       go to state 23


State 31

   12 feature: OBJECTID ':' TYPEID ASSIGN . expr ';'

    IF        shift, and go to state 38
    WHILE     shift, and go to state 39
    OBJECTID  shift, and go to state 40
    '{'       shift, and go to state 41

    expr  go to state 42


State 32

   11 feature: OBJECTID ':' TYPEID ';' .

    $default  reduce using rule 11 (feature)


State 33

    5 class: CLASS TYPEID INHERITS TYPEID '{' optional_feature_list '}' ';' .

    $default  reduce using rule 5 (class)


State 34

   15 formal: OBJECTID ':' TYPEID .

    $default  reduce using rule 15 (formal)


State 35

    9 feature: OBJECTID '(' ')' ':' TYPEID . '{' expr '}' ';'

    '{'  shift, and go to state 43


State 36

   10 feature: OBJECTID '(' formal_list ')' ':' . TYPEID '{' expr '}' ';'

    TYPEID  shift, and go to state 44


State 37

   14 formal_list: formal ',' formal_list .

    $default  reduce using rule 14 (formal_list)


State 38

   22 expr: IF . expr THEN expr ELSE expr FI

    IF        shift, and go to state 38
    WHILE     shift, and go to state 39
    OBJECTID  shift, and go to state 40
    '{'       shift, and go to state 41

    expr  go to state 45


State 39

   23 expr: WHILE . expr LOOP expr POOL

    IF        shift, and go to state 38
    WHILE     shift, and go to state 39
    OBJECTID  shift, and go to state 40
    '{'       shift, and go to state 41

    expr  go to state 46


State 40

   16 expr: OBJECTID . ASSIGN expr
   20     | OBJECTID . '(' ')'
   21     | OBJECTID . '(' expr_list ')'

    ASSIGN  shift, and go to state 47
    '('     shift, and go to state 48


State 41

   24 expr: '{' . expr_block_list '}'

    IF        shift, and go to state 38
    WHILE     shift, and go to state 39
    OBJECTID  shift, and go to state 40
    '{'       shift, and go to state 41

    expr             go to state 49
    expr_block_list  go to state 50


State 42

   12 feature: OBJECTID ':' TYPEID ASSIGN expr . ';'
   17 expr: expr . '.' OBJECTID '(' ')'
   18     | expr . '@' TYPEID '.' OBJECTID '(' ')'
   19     | expr . '@' TYPEID '.' OBJECTID '(' expr_list ')'

    ';'  shift, and go to state 51
    '.'  shift, and go to state 52
    '@'  shift, and go to state 53


State 43

    9 feature: OBJECTID '(' ')' ':' TYPEID '{' . expr '}' ';'

    IF        shift, and go to state 38
    WHILE     shift, and go to state 39
    OBJECTID  shift, and go to state 40
    '{'       shift, and go to state 41

    expr  go to state 54


State 44

   10 feature: OBJECTID '(' formal_list ')' ':' TYPEID . '{' expr '}' ';'

    '{'  shift, and go to state 55


State 45

   17 expr: expr . '.' OBJECTID '(' ')'
   18     | expr . '@' TYPEID '.' OBJECTID '(' ')'
   19     | expr . '@' TYPEID '.' OBJECTID '(' expr_list ')'
   22     | IF expr . THEN expr ELSE expr FI

    THEN  shift, and go to state 56
    '.'   shift, and go to state 52
    '@'   shift, and go to state 53


State 46

   17 expr: expr . '.' OBJECTID '(' ')'
   18     | expr . '@' TYPEID '.' OBJECTID '(' ')'
   19     | expr . '@' TYPEID '.' OBJECTID '(' expr_list ')'
   23     | WHILE expr . LOOP expr POOL

    LOOP  shift, and go to state 57
    '.'   shift, and go to state 52
    '@'   shift, and go to state 53


State 47

   16 expr: OBJECTID ASSIGN . expr

    IF        shift, and go to state 38
    WHILE     shift, and go to state 39
    OBJECTID  shift, and go to state 40
    '{'       shift, and go to state 41

    expr  go to state 58


State 48

   20 expr: OBJECTID '(' . ')'
   21     | OBJECTID '(' . expr_list ')'

    IF        shift, and go to state 38
    WHILE     shift, and go to state 39
    OBJECTID  shift, and go to state 40
    '{'       shift, and go to state 41
    ')'       shift, and go to state 59

    expr       go to state 60
    expr_list  go to state 61


State 49

   17 expr: expr . '.' OBJECTID '(' ')'
   18     | expr . '@' TYPEID '.' OBJECTID '(' ')'
   19     | expr . '@' TYPEID '.' OBJECTID '(' expr_list ')'
   27 expr_block_list: expr . ';'

    ';'  shift, and go to state 62
    '.'  shift, and go to state 52
    '@'  shift, and go to state 53


State 50

   24 expr: '{' expr_block_list . '}'
   28 expr_block_list: expr_block_list . expr ';'

    IF        shift, and go to state 38
    WHILE     shift, and go to state 39
    OBJECTID  shift, and go to state 40
    '{'       shift, and go to state 41
    '}'       shift, and go to state 63

    expr  go to state 64


State 51

   12 feature: OBJECTID ':' TYPEID ASSIGN expr ';' .

    $default  reduce using rule 12 (feature)


State 52

   17 expr: expr '.' . OBJECTID '(' ')'

    OBJECTID  shift, and go to state 65


State 53

   18 expr: expr '@' . TYPEID '.' OBJECTID '(' ')'
   19     | expr '@' . TYPEID '.' OBJECTID '(' expr_list ')'

    TYPEID  shift, and go to state 66


State 54

    9 feature: OBJECTID '(' ')' ':' TYPEID '{' expr . '}' ';'
   17 expr: expr . '.' OBJECTID '(' ')'
   18     | expr . '@' TYPEID '.' OBJECTID '(' ')'
   19     | expr . '@' TYPEID '.' OBJECTID '(' expr_list ')'

    '}'  shift, and go to state 67
    '.'  shift, and go to state 52
    '@'  shift, and go to state 53


State 55

   10 feature: OBJECTID '(' formal_list ')' ':' TYPEID '{' . expr '}' ';'

    IF        shift, and go to state 38
    WHILE     shift, and go to state 39
    OBJECTID  shift, and go to state 40
    '{'       shift, and go to state 41

    expr  go to state 68


State 56

   22 expr: IF expr THEN . expr ELSE expr FI

    IF        shift, and go to state 38
    WHILE     shift, and go to state 39
    OBJECTID  shift, and go to state 40
    '{'       shift, and go to state 41

    expr  go to state 69


State 57

   23 expr: WHILE expr LOOP . expr POOL

    IF        shift, and go to state 38
    WHILE     shift, and go to state 39
    OBJECTID  shift, and go to state 40
    '{'       shift, and go to state 41

    expr  go to state 70


State 58

   16 expr: OBJECTID ASSIGN expr .
   17     | expr . '.' OBJECTID '(' ')'
   18     | expr . '@' TYPEID '.' OBJECTID '(' ')'
   19     | expr . '@' TYPEID '.' OBJECTID '(' expr_list ')'

    '.'  shift, and go to state 52
    '@'  shift, and go to state 53

    '.'       [reduce using rule 16 (expr)]
    '@'       [reduce using rule 16 (expr)]
    $default  reduce using rule 16 (expr)


State 59

   20 expr: OBJECTID '(' ')' .

    $default  reduce using rule 20 (expr)


State 60

   17 expr: expr . '.' OBJECTID '(' ')'
   18     | expr . '@' TYPEID '.' OBJECTID '(' ')'
   19     | expr . '@' TYPEID '.' OBJECTID '(' expr_list ')'
   25 expr_list: expr .
   26          | expr . ',' expr_list

    ','  shift, and go to state 71
    '.'  shift, and go to state 52
    '@'  shift, and go to state 53

    $default  reduce using rule 25 (expr_list)


State 61

   21 expr: OBJECTID '(' expr_list . ')'

    ')'  shift, and go to state 72


State 62

   27 expr_block_list: expr ';' .

    $default  reduce using rule 27 (expr_block_list)


State 63

   24 expr: '{' expr_block_list '}' .

    $default  reduce using rule 24 (expr)


State 64

   17 expr: expr . '.' OBJECTID '(' ')'
   18     | expr . '@' TYPEID '.' OBJECTID '(' ')'
   19     | expr . '@' TYPEID '.' OBJECTID '(' expr_list ')'
   28 expr_block_list: expr_block_list expr . ';'

    ';'  shift, and go to state 73
    '.'  shift, and go to state 52
    '@'  shift, and go to state 53


State 65

   17 expr: expr '.' OBJECTID . '(' ')'

    '('  shift, and go to state 74


State 66

   18 expr: expr '@' TYPEID . '.' OBJECTID '(' ')'
   19     | expr '@' TYPEID . '.' OBJECTID '(' expr_list ')'

    '.'  shift, and go to state 75


State 67

    9 feature: OBJECTID '(' ')' ':' TYPEID '{' expr '}' . ';'

    ';'  shift, and go to state 76


State 68

   10 feature: OBJECTID '(' formal_list ')' ':' TYPEID '{' expr . '}' ';'
   17 expr: expr . '.' OBJECTID '(' ')'
   18     | expr . '@' TYPEID '.' OBJECTID '(' ')'
   19     | expr . '@' TYPEID '.' OBJECTID '(' expr_list ')'

    '}'  shift, and go to state 77
    '.'  shift, and go to state 52
    '@'  shift, and go to state 53


State 69

   17 expr: expr . '.' OBJECTID '(' ')'
   18     | expr . '@' TYPEID '.' OBJECTID '(' ')'
   19     | expr . '@' TYPEID '.' OBJECTID '(' expr_list ')'
   22     | IF expr THEN expr . ELSE expr FI

    ELSE  shift, and go to state 78
    '.'   shift, and go to state 52
    '@'   shift, and go to state 53


State 70

   17 expr: expr . '.' OBJECTID '(' ')'
   18     | expr . '@' TYPEID '.' OBJECTID '(' ')'
   19     | expr . '@' TYPEID '.' OBJECTID '(' expr_list ')'
   23     | WHILE expr LOOP expr . POOL

    POOL  shift, and go to state 79
    '.'   shift, and go to state 52
    '@'   shift, and go to state 53


State 71

   26 expr_list: expr ',' . expr_list

    IF        shift, and go to state 38
    WHILE     shift, and go to state 39
    OBJECTID  shift, and go to state 40
    '{'       shift, and go to state 41

    expr       go to state 60
    expr_list  go to state 80


State 72

   21 expr: OBJECTID '(' expr_list ')' .

    $default  reduce using rule 21 (expr)


State 73

   28 expr_block_list: expr_block_list expr ';' .

    $default  reduce using rule 28 (expr_block_list)


State 74

   17 expr: expr '.' OBJECTID '(' . ')'

    ')'  shift, and go to state 81


State 75

   18 expr: expr '@' TYPEID '.' . OBJECTID '(' ')'
   19     | expr '@' TYPEID '.' . OBJECTID '(' expr_list ')'

    OBJECTID  shift, and go to state 82


State 76

    9 feature: OBJECTID '(' ')' ':' TYPEID '{' expr '}' ';' .

    $default  reduce using rule 9 (feature)


State 77

   10 feature: OBJECTID '(' formal_list ')' ':' TYPEID '{' expr '}' . ';'

    ';'  shift, and go to state 83


State 78

   22 expr: IF expr THEN expr ELSE . expr FI

    IF        shift, and go to state 38
    WHILE     shift, and go to state 39
    OBJECTID  shift, and go to state 40
    '{'       shift, and go to state 41

    expr  go to state 84


State 79

   23 expr: WHILE expr LOOP expr POOL .

    $default  reduce using rule 23 (expr)


State 80

   26 expr_list: expr ',' expr_list .

    $default  reduce using rule 26 (expr_list)


State 81

   17 expr: expr '.' OBJECTID '(' ')' .

    $default  reduce using rule 17 (expr)


State 82

   18 expr: expr '@' TYPEID '.' OBJECTID . '(' ')'
   19     | expr '@' TYPEID '.' OBJECTID . '(' expr_list ')'

    '('  shift, and go to state 85


State 83

   10 feature: OBJECTID '(' formal_list ')' ':' TYPEID '{' expr '}' ';' .

    $default  reduce using rule 10 (feature)


State 84

   17 expr: expr . '.' OBJECTID '(' ')'
   18     | expr . '@' TYPEID '.' OBJECTID '(' ')'
   19     | expr . '@' TYPEID '.' OBJECTID '(' expr_list ')'
   22     | IF expr THEN expr ELSE expr . FI

    FI   shift, and go to state 86
    '.'  shift, and go to state 52
    '@'  shift, and go to state 53


State 85

   18 expr: expr '@' TYPEID '.' OBJECTID '(' . ')'
   19     | expr '@' TYPEID '.' OBJECTID '(' . expr_list ')'

    IF        shift, and go to state 38
    WHILE     shift, and go to state 39
    OBJECTID  shift, and go to state 40
    '{'       shift, and go to state 41
    ')'       shift, and go to state 87

    expr       go to state 60
    expr_list  go to state 88


State 86

   22 expr: IF expr THEN expr ELSE expr FI .

    $default  reduce using rule 22 (expr)


State 87

   18 expr: expr '@' TYPEID '.' OBJECTID '(' ')' .

    $default  reduce using rule 18 (expr)


State 88

   19 expr: expr '@' TYPEID '.' OBJECTID '(' expr_list . ')'

    ')'  shift, and go to state 89


State 89

   19 expr: expr '@' TYPEID '.' OBJECTID '(' expr_list ')' .

    $default  reduce using rule 19 (expr)
